<?xml version="1.0" encoding="UTF-8"?>
<!-- Generated by org.testng.reporters.JUnitXMLReporter -->
<testsuite ignored="0" hostname="LAPTOP-8S9GMAJI" failures="0" tests="4" name="ChromeBrowser" time="13.886" errors="0" timestamp="2022-07-17T14:55:32 IST">
  <testcase classname="Testpack2.TestNG2Copy" name="varifyURLandTitle" time="0.041"/>
  <testcase classname="Testpack2.TestNGCopy" name="varifyUrlAndTitle" time="2.023"/>
  <testcase classname="Testpack2.TestNGCopy" name="calculation" time="0.043"/>
  <testcase classname="Testpack2.TestNG2Copy" name="homePageOperation" time="3.988"/>
</testsuite> <!-- ChromeBrowser -->
