<?xml version="1.0" encoding="UTF-8"?>
<!-- Generated by org.testng.reporters.JUnitXMLReporter -->
<testsuite ignored="0" hostname="LAPTOP-8S9GMAJI" failures="0" tests="4" name="OperaBrowser" time="38.894" errors="0" timestamp="2022-07-17T14:56:10 IST">
  <testcase classname="Testpack2.TestNG2Copy" name="varifyURLandTitle" time="0.026"/>
  <testcase classname="Testpack2.TestNGCopy" name="varifyUrlAndTitle" time="2.036"/>
  <testcase classname="Testpack2.TestNGCopy" name="calculation" time="0.099"/>
  <testcase classname="Testpack2.TestNG2Copy" name="homePageOperation" time="14.39"/>
</testsuite> <!-- OperaBrowser -->
