<?xml version="1.0" encoding="UTF-8"?>
<!-- Generated by org.testng.reporters.JUnitXMLReporter -->
<testsuite ignored="0" hostname="LAPTOP-8S9GMAJI" failures="0" tests="4" name="Test123" time="24.374" errors="0" timestamp="2022-07-01T18:55:26 IST">
  <testcase classname="Testpack2.TestNGCopy" name="calculation" time="0.052"/>
  <testcase classname="Testpack2.TestNGCopy" name="varifyUrlAndTitle" time="2.031"/>
  <testcase classname="Testpack2.TestNG2Copy" name="varifyURLandTitle" time="0.016"/>
  <testcase classname="Testpack2.TestNG2Copy" name="homePageOperation" time="3.557"/>
</testsuite> <!-- Test123 -->
